d:\google drive\universitate\teaching\programare orientata obiect\cursuri\2015-2016\lecture 10\lecture10_demo\drawing\x64\debug\vc140.pdb
d:\google drive\universitate\teaching\programare orientata obiect\cursuri\2015-2016\lecture 10\lecture10_demo\drawing\x64\debug\main.obj
d:\google drive\universitate\teaching\programare orientata obiect\cursuri\2015-2016\lecture 10\lecture10_demo\drawing\x64\debug\moc_drawing.obj
d:\google drive\universitate\teaching\programare orientata obiect\cursuri\2015-2016\lecture 10\lecture10_demo\drawing\x64\debug\drawing.obj
d:\google drive\universitate\teaching\programare orientata obiect\cursuri\2015-2016\lecture 10\lecture10_demo\drawing\x64\debug\qrc_drawing.obj
d:\google drive\universitate\teaching\programare orientata obiect\cursuri\2015-2016\lecture 10\lecture10_demo\drawing\generatedfiles\debug\moc_drawing.cpp
d:\google drive\universitate\teaching\programare orientata obiect\cursuri\2015-2016\lecture 10\lecture10_demo\drawing\generatedfiles\ui_drawing.h
d:\google drive\universitate\teaching\programare orientata obiect\cursuri\2015-2016\lecture 10\lecture10_demo\drawing\generatedfiles\qrc_drawing.cpp
d:\google drive\universitate\teaching\programare orientata obiect\cursuri\2015-2016\lecture 10\lecture10_demo\x64\debug\lecture10_demo_drawing.ilk
d:\google drive\universitate\teaching\programare orientata obiect\cursuri\2015-2016\lecture 10\lecture10_demo\x64\debug\lecture10_demo_drawing.exe
d:\google drive\universitate\teaching\programare orientata obiect\cursuri\2015-2016\lecture 10\lecture10_demo\x64\debug\lecture10_demo_drawing.pdb
d:\google drive\universitate\teaching\programare orientata obiect\cursuri\2015-2016\lecture 10\lecture10_demo\drawing\x64\debug\lecture1.e1debe73.tlog\cl.command.1.tlog
d:\google drive\universitate\teaching\programare orientata obiect\cursuri\2015-2016\lecture 10\lecture10_demo\drawing\x64\debug\lecture1.e1debe73.tlog\cl.read.1.tlog
d:\google drive\universitate\teaching\programare orientata obiect\cursuri\2015-2016\lecture 10\lecture10_demo\drawing\x64\debug\lecture1.e1debe73.tlog\cl.write.1.tlog
d:\google drive\universitate\teaching\programare orientata obiect\cursuri\2015-2016\lecture 10\lecture10_demo\drawing\x64\debug\lecture1.e1debe73.tlog\custombuild.command.1.tlog
d:\google drive\universitate\teaching\programare orientata obiect\cursuri\2015-2016\lecture 10\lecture10_demo\drawing\x64\debug\lecture1.e1debe73.tlog\custombuild.read.1.tlog
d:\google drive\universitate\teaching\programare orientata obiect\cursuri\2015-2016\lecture 10\lecture10_demo\drawing\x64\debug\lecture1.e1debe73.tlog\custombuild.write.1.tlog
d:\google drive\universitate\teaching\programare orientata obiect\cursuri\2015-2016\lecture 10\lecture10_demo\drawing\x64\debug\lecture1.e1debe73.tlog\link.command.1.tlog
d:\google drive\universitate\teaching\programare orientata obiect\cursuri\2015-2016\lecture 10\lecture10_demo\drawing\x64\debug\lecture1.e1debe73.tlog\link.read.1.tlog
d:\google drive\universitate\teaching\programare orientata obiect\cursuri\2015-2016\lecture 10\lecture10_demo\drawing\x64\debug\lecture1.e1debe73.tlog\link.write.1.tlog
