1 0
2 1
3 2
4 3
5 2
6 5
7 3
8 5
9 4
10 5
11 2
12 9
13 3
14 6
15 7
16 7
17 2
18 9
19 2
20 9
21 8
22 5
23 2
24 13
25 4
26 6
27 6
28 10
29 2
30 14
31 4
32 9
33 6
34 5
35 7
36 15
37 2
38 5
39 7
40 14
41 2
42 15
43 3
44 9
45 11
46 5
47 2
48 17
49 5
50 9
51 6
52 10
53 2
54 13
55 6
56 14
57 7
58 5
59 2
60 22
61 2
62 7
63 13
64 11
65 7
66 13
67 2
68 9
69 6
70 14
71 2
72 21
73 3
74 5
75 11
76 9
77 7
78 14
79 2
80 18
81 8
82 5
83 2
84 23
85 7
86 6
87 6
88 13
89 2
90 22
91 9
92 9
93 8
94 5
95 6
96 21
97 2
98 10
99 10
100 15
101 2
102 13
103 2
104 14
105 17
106 5
107 2
108 21
109 2
110 13
111 7
112 18
113 2
114 14
115 6
116 9
117 11
118 5
119 7
120 31
121 5
122 5
123 6
124 11
125 6
126 24
127 3
128 13
129 7
130 14
131 2
132 21
133 8
134 5
135 15
136 13
137 2
138 13
139 2
140 22
141 6
142 5
143 7
144 27
145 6
146 6
147 12
148 9
149 2
150 22
151 2
152 13
153 10
154 14
155 8
156 23
157 3
158 5
159 6
160 22
161 7
162 17
163 2
164 9
165 15
166 5
167 2
168 31
169 5
170 14
171 11
172 10
173 2
174 13
175 11
176 17
177 6
178 5
179 2
180 34
181 2
182 16
183 7
184 13
185 6
186 15
187 6
188 9
189 17
190 13
191 2
192 25
193 2
194 5
195 16
196 16
197 2
198 21
199 2
200 22
201 6
202 5
203 7
204 21
205 6
206 5
207 10
208 18
209 6
210 32
211 3
212 9
213 6
214 5
215 7
216 29
217 9
218 5
219 7
220 21
221 7
222 14
223 2
224 22
225 17
226 5
227 2
228 22
229 2
230 13
231 16
232 13
233 2
234 22
235 6
236 9
237 6
238 14
239 2
240 39
241 3
242 10
243 10
244 9
245 11
246 13
247 7
248 15
249 6
250 13
251 2
252 36
253 6
254 6
255 17
256 15
257 2
258 14
259 8
260 22
261 10
262 5
263 2
264 29
265 6
266 15
267 6
268 9
269 2
270 30
271 2
272 17
273 19
274 5
275 10
276 21
277 2
278 5
279 12
280 31
281 2
282 13
283 2
284 9
285 16
286 14
287 7
288 33
289 4
290 13
291 6
292 10
293 2
294 23
295 6
296 13
297 14
298 5
299 7
300 34
301 8
302 5
303 6
304 17
305 6
306 21
307 3
308 22
309 6
310 15
311 2
312 31
313 2
314 6
315 26
316 9
317 2
318 13
319 6
320 26
321 6
322 14
323 6
324 27
325 11
326 5
327 6
328 13
329 7
330 30
331 2
332 9
333 11
334 5
335 6
336 39
337 2
338 10
339 6
340 22
341 9
342 22
343 8
344 14
345 15
346 5
347 2
348 21
349 2
350 22
351 15
352 21
353 2
354 13
355 6
356 9
357 16
358 5
359 2
360 47
361 4
362 5
363 11
364 25
365 7
366 14
367 2
368 17
369 10
370 13
371 7
372 23
373 2
374 13
375 15
376 13
377 7
378 32
379 2
380 21
381 8
382 5
383 2
384 29
385 15
386 5
387 11
388 9
389 2
390 31
391 6
392 22
393 6
394 5
395 6
396 33
397 2
398 5
399 18
400 29
401 2
402 13
403 9
404 9
405 19
406 14
407 6
408 29
409 2
410 13
411 6
412 9
413 7
414 21
415 6
416 22
417 6
418 13
419 2
420 48
421 3
422 6
423 10
424 13
425 11
426 13
427 7
428 9
429 15
430 14
431 2
432 37
433 2
434 16
435 15
436 9
437 6
438 14
439 2
440 30
441 19
442 14
443 2
444 22
445 6
446 5
447 6
448 26
449 2
450 34
451 6
452 9
453 6
454 5
455 17
456 30
457 2
458 5
459 14
460 21
461 2
462 31
463 3
464 17
465 17
466 5
467 2
468 35
469 7
470 13
471 7
472 13
473 7
474 13
475 10
476 22
477 10
478 5
479 2
480 47
481 7
482 6
483 16
484 16
485 6
486 21
487 2
488 13
489 6
490 22
491 2
492 21
493 6
494 14
495 23
496 19
497 7
498 13
499 2
500 21
501 6
502 5
503 2
504 48
505 6
506 13
507 12
508 10
509 2
510 32
511 9
512 17
513 15
514 5
515 6
516 22
517 6
518 15
519 6
520 31
521 2
522 21
523 2
524 9
525 25
526 5
527 8
528 37
529 4
530 13
531 10
532 23
533 7
534 13
535 6
536 13
537 6
538 5
539 11
540 46
541 2
542 5
543 6
544 21
545 6
546 34
547 2
548 9
549 11
550 21
551 6
552 29
553 8
554 5
555 16
556 9
557 2
558 23
559 8
560 39
561 14
562 5
563 2
564 21
565 6
566 5
567 21
568 13
569 2
570 31
571 2
572 22
573 6
574 14
575 10
576 39
577 2
578 9
579 6
580 21
581 7
582 13
583 6
584 14
585 25
586 5
587 2
588 35
589 8
590 13
591 6
592 17
593 2
594 29
595 16
596 9
597 6
598 14
599 2
600 47
601 3
602 15
603 10
604 9
605 11
606 13
607 2
608 21
609 16
610 13
611 7
612 33
613 2
614 6
615 15
616 30
617 2
618 13
619 2
620 23
621 14
622 5
623 7
624 39
625 8
626 5
627 15
628 10
629 6
630 49
631 2
632 13
633 7
634 5
635 7
636 21
637 13
638 13
639 10
640 30
641 2
642 13
643 2
644 22
645 16
646 13
647 2
648 37
649 6
650 22
651 19
652 9
653 2
654 13
655 6
656 17
657 11
658 14
659 2
660 46
661 2
662 5
663 15
664 13
665 16
666 22
667 6
668 9
669 6
670 13
671 6
672 47
673 2
674 5
675 23
676 16
677 2
678 13
679 7
680 31
681 6
682 16
683 2
684 34
685 6
686 15
687 6
688 18
689 7
690 30
691 2
692 9
693 25
694 5
695 6
696 29
697 6
698 5
699 6
700 34
701 2
702 30
703 7
704 25
705 15
706 5
707 7
708 21
709 2
710 13
711 10
712 13
713 8
714 31
715 15
716 9
717 6
718 5
719 2
720 59
721 7
722 9
723 7
724 9
725 10
726 22
727 2
728 33
729 12
730 14
731 7
732 22
733 2
734 5
735 25
736 21
737 6
738 21
739 2
740 21
741 16
742 14
743 2
744 31
745 6
746 5
747 10
748 21
749 7
750 30
751 2
752 17
753 6
754 14
755 6
756 48
757 3
758 5
759 14
760 30
761 2
762 15
763 7
764 9
765 25
766 5
767 7
768 33
769 2
770 30
771 6
772 9
773 2
774 22
775 12
776 13
777 18
778 5
779 6
780 48
781 7
782 13
783 14
784 28
785 7
786 13
787 2
788 9
789 6
790 13
791 7
792 45
793 7
794 5
795 15
796 9
797 2
798 33
799 6
800 35
801 10
802 5
803 7
804 21
805 15
806 16
807 6
808 13
809 2
810 38
811 2
812 22
813 7
814 13
815 6
816 37
817 7
818 5
819 28
820 22
821 2
822 13
823 2
824 13
825 23
826 14
827 2
828 33
829 2
830 13
831 6
832 26
833 11
834 13
835 6
836 21
837 16
838 5
839 2
840 65
841 4
842 6
843 6
844 10
845 11
846 21
847 12
848 17
849 6
850 22
851 6
852 21
853 2
854 14
855 24
856 13
857 2
858 30
859 2
860 22
861 16
862 5
863 2
864 45
865 6
866 5
867 10
868 24
869 6
870 30
871 8
872 13
873 10
874 13
875 15
876 22
877 2
878 5
879 6
880 38
881 2
882 36
883 2
884 22
885 15
886 5
887 2
888 30
889 8
890 13
891 18
892 9
893 6
894 13
895 6
896 30
897 15
898 5
899 8
900 52
901 6
902 13
903 17
904 13
905 6
906 13
907 2
908 9
909 10
910 32
911 2
912 38
913 6
914 5
915 16
916 9
917 7
918 29
919 2
920 30
921 7
922 5
923 7
924 47
925 10
926 6
927 10
928 21
929 2
930 32
931 13
932 9
933 6
934 5
935 15
936 47
937 2
938 14
939 6
940 21
941 2
942 14
943 6
944 17
945 34
946 14
947 2
948 21
949 8
950 21
951 6
952 30
953 2
954 21
955 6
956 9
957 14
958 5
959 7
960 55
961 6
962 14
963 10
964 10
965 6
966 31
967 2
968 22
969 15
970 13
971 2
972 33
973 7
974 5
975 24
976 17
977 2
978 13
979 6
980 34
981 10
982 5
983 2
984 29
985 6
986 13
987 16
988 22
989 7
990 46
991 2
992 23
993 7
994 14
995 6
996 21
997 2
998 5
999 15
1000 30
